<?xml version="1.0" encoding="UTF-8"?>
<!-- Generated by org.testng.reporters.JUnitReportReporter -->
<testsuite hostname="DESKTOP-BBVN5B3" failures="0" tests="1" name="Com.OrangeHRM1.TestSuite" time="30.621" errors="0" timestamp="30 Aug 2019 09:42:24 GMT" skipped="0">
  <testcase classname="Com.OrangeHRM1.TestSuite" name="to_verify_User_Is_Able_To_inputUserIDPassword_HoveroverPIM_CreateEmploee_ClickOnAdmin_ClickAdd_" time="30.621"/>
</testsuite> <!-- Com.OrangeHRM1.TestSuite -->
